[acorn-html-classic-dashboard.coloredstrategies.com/Dashboards.Default.html]
[backblue.gif]
[fade.gif]
[index.html]
[acorn-html-classic-dashboard.coloredstrategies.com/img/favicon/apple-touch-icon-57x57.png]
[acorn-html-classic-dashboard.coloredstrategies.com/img/favicon/apple-touch-icon-114x114.png]
[acorn-html-classic-dashboard.coloredstrategies.com/img/favicon/apple-touch-icon-72x72.png]
[acorn-html-classic-dashboard.coloredstrategies.com/img/favicon/apple-touch-icon-144x144.png]
[acorn-html-classic-dashboard.coloredstrategies.com/img/favicon/apple-touch-icon-60x60.png]
[acorn-html-classic-dashboard.coloredstrategies.com/img/favicon/apple-touch-icon-120x120.png]
[acorn-html-classic-dashboard.coloredstrategies.com/img/favicon/apple-touch-icon-76x76.png]
[acorn-html-classic-dashboard.coloredstrategies.com/img/favicon/apple-touch-icon-152x152.png]
[acorn-html-classic-dashboard.coloredstrategies.com/img/favicon/favicon-196x196.png]
[acorn-html-classic-dashboard.coloredstrategies.com/img/favicon/favicon-96x96.png]
[acorn-html-classic-dashboard.coloredstrategies.com/img/favicon/favicon-32x32.png]
[acorn-html-classic-dashboard.coloredstrategies.com/img/favicon/favicon-16x16.png]
[acorn-html-classic-dashboard.coloredstrategies.com/img/favicon/favicon-128.png]
[acorn-html-classic-dashboard.coloredstrategies.com/img/favicon/mstile-144x144.png]
[acorn-html-classic-dashboard.coloredstrategies.com/img/favicon/mstile-70x70.png]
[acorn-html-classic-dashboard.coloredstrategies.com/img/favicon/mstile-150x150.png]
[acorn-html-classic-dashboard.coloredstrategies.com/img/favicon/mstile-310x150.png]
[acorn-html-classic-dashboard.coloredstrategies.com/img/favicon/mstile-310x310.png]
[acorn-html-classic-dashboard.coloredstrategies.com/font/CS-Interface/style.css]
[acorn-html-classic-dashboard.coloredstrategies.com/css/vendor/bootstrap.min.css]
[acorn-html-classic-dashboard.coloredstrategies.com/css/vendor/OverlayScrollbars.min.css]
[acorn-html-classic-dashboard.coloredstrategies.com/css/vendor/glide.core.min.css]
[acorn-html-classic-dashboard.coloredstrategies.com/css/vendor/introjs.min.css]
[acorn-html-classic-dashboard.coloredstrategies.com/css/vendor/select2.min.css]
[acorn-html-classic-dashboard.coloredstrategies.com/css/vendor/select2-bootstrap4.min.css]
[acorn-html-classic-dashboard.coloredstrategies.com/css/vendor/plyr.css]
[acorn-html-classic-dashboard.coloredstrategies.com/css/styles.css]
[acorn-html-classic-dashboard.coloredstrategies.com/css/main.css]
[acorn-html-classic-dashboard.coloredstrategies.com/js/base/loader.js]
[acorn-html-classic-dashboard.coloredstrategies.com/img/profile/profile-9.webp]
[acorn-html-classic-dashboard.coloredstrategies.com/img/profile/profile-1.webp]
[acorn-html-classic-dashboard.coloredstrategies.com/img/profile/profile-2.webp]
[acorn-html-classic-dashboard.coloredstrategies.com/img/profile/profile-3.webp]
[acorn-html-classic-dashboard.coloredstrategies.com/img/profile/profile-6.webp]
[acorn-html-classic-dashboard.coloredstrategies.com/Dashboards.Visual.html]
[acorn-html-classic-dashboard.coloredstrategies.com/Dashboards.Analytic.html]
[acorn-html-classic-dashboard.coloredstrategies.com/Apps.Calendar.html]
[acorn-html-classic-dashboard.coloredstrategies.com/Apps.Chat.html]
[acorn-html-classic-dashboard.coloredstrategies.com/Apps.Contacts.html]
[acorn-html-classic-dashboard.coloredstrategies.com/Apps.Mailbox.html]
[acorn-html-classic-dashboard.coloredstrategies.com/Apps.Tasks.html]
[acorn-html-classic-dashboard.coloredstrategies.com/Pages.Authentication.Login.html]
[acorn-html-classic-dashboard.coloredstrategies.com/Pages.Authentication.Register.html]
[acorn-html-classic-dashboard.coloredstrategies.com/Pages.Authentication.ForgotPassword.html]
[acorn-html-classic-dashboard.coloredstrategies.com/Pages.Authentication.ResetPassword.html]
[acorn-html-classic-dashboard.coloredstrategies.com/Pages.Blog.Home.html]
[acorn-html-classic-dashboard.coloredstrategies.com/Pages.Blog.Grid.html]
[acorn-html-classic-dashboard.coloredstrategies.com/Pages.Blog.List.html]
[acorn-html-classic-dashboard.coloredstrategies.com/Pages.Blog.Detail.html]
[acorn-html-classic-dashboard.coloredstrategies.com/Pages.Miscellaneous.Faq.html]
[acorn-html-classic-dashboard.coloredstrategies.com/Pages.Miscellaneous.KnowledgeBase.html]
[acorn-html-classic-dashboard.coloredstrategies.com/Pages.Miscellaneous.Error.html]
[acorn-html-classic-dashboard.coloredstrategies.com/Pages.Miscellaneous.ComingSoon.html]
[acorn-html-classic-dashboard.coloredstrategies.com/Pages.Miscellaneous.Pricing.html]
[acorn-html-classic-dashboard.coloredstrategies.com/Pages.Miscellaneous.Search.html]
[acorn-html-classic-dashboard.coloredstrategies.com/Pages.Miscellaneous.Mailing.html]
[acorn-html-classic-dashboard.coloredstrategies.com/Pages.Miscellaneous.Empty.html]
[acorn-html-classic-dashboard.coloredstrategies.com/Pages.Portfolio.Home.html]
[acorn-html-classic-dashboard.coloredstrategies.com/Pages.Portfolio.Detail.html]
[acorn-html-classic-dashboard.coloredstrategies.com/Pages.Profile.Standard.html]
[acorn-html-classic-dashboard.coloredstrategies.com/Pages.Profile.Settings.html]
[acorn-html-classic-dashboard.coloredstrategies.com/Blocks.Cta.html]
[acorn-html-classic-dashboard.coloredstrategies.com/Blocks.Details.html]
[acorn-html-classic-dashboard.coloredstrategies.com/Blocks.Gallery.html]
[acorn-html-classic-dashboard.coloredstrategies.com/Blocks.Images.html]
[acorn-html-classic-dashboard.coloredstrategies.com/Blocks.List.html]
[acorn-html-classic-dashboard.coloredstrategies.com/Blocks.Stats.html]
[acorn-html-classic-dashboard.coloredstrategies.com/Blocks.Steps.html]
[acorn-html-classic-dashboard.coloredstrategies.com/Blocks.TabularData.html]
[acorn-html-classic-dashboard.coloredstrategies.com/Blocks.Thumbnails.html]
[acorn-html-classic-dashboard.coloredstrategies.com/Blocks.Users.html]
[acorn-html-classic-dashboard.coloredstrategies.com/Interface.Components.Accordion.html]
[acorn-html-classic-dashboard.coloredstrategies.com/Interface.Components.Alerts.html]
[acorn-html-classic-dashboard.coloredstrategies.com/Interface.Components.Badge.html]
[acorn-html-classic-dashboard.coloredstrategies.com/Interface.Components.Breadcrumb.html]
[acorn-html-classic-dashboard.coloredstrategies.com/Interface.Components.Buttons.html]
[acorn-html-classic-dashboard.coloredstrategies.com/Interface.Components.ButtonGroup.html]
[acorn-html-classic-dashboard.coloredstrategies.com/Interface.Components.Card.html]
[acorn-html-classic-dashboard.coloredstrategies.com/Interface.Components.Close.html]
[acorn-html-classic-dashboard.coloredstrategies.com/Interface.Components.Collapse.html]
[acorn-html-classic-dashboard.coloredstrategies.com/Interface.Components.Dropdowns.html]
[acorn-html-classic-dashboard.coloredstrategies.com/Interface.Components.ListGroup.html]
[acorn-html-classic-dashboard.coloredstrategies.com/Interface.Components.Modal.html]
[acorn-html-classic-dashboard.coloredstrategies.com/Interface.Components.Navs.html]
[acorn-html-classic-dashboard.coloredstrategies.com/Interface.Components.Offcanvas.html]
[acorn-html-classic-dashboard.coloredstrategies.com/Interface.Components.Pagination.html]
[acorn-html-classic-dashboard.coloredstrategies.com/Interface.Components.Popovers.html]
[acorn-html-classic-dashboard.coloredstrategies.com/Interface.Components.Progress.html]
[acorn-html-classic-dashboard.coloredstrategies.com/Interface.Components.Spinners.html]
[acorn-html-classic-dashboard.coloredstrategies.com/Interface.Components.Toasts.html]
[acorn-html-classic-dashboard.coloredstrategies.com/Interface.Components.Tooltips.html]
[acorn-html-classic-dashboard.coloredstrategies.com/Interface.Forms.Layouts.html]
[acorn-html-classic-dashboard.coloredstrategies.com/Interface.Forms.Validation.html]
[acorn-html-classic-dashboard.coloredstrategies.com/Interface.Forms.Wizard.html]
[acorn-html-classic-dashboard.coloredstrategies.com/Interface.Forms.InputGroup.html]
[acorn-html-classic-dashboard.coloredstrategies.com/Interface.Forms.InputMask.html]
[acorn-html-classic-dashboard.coloredstrategies.com/Interface.Forms.GenericForms.html]
[acorn-html-classic-dashboard.coloredstrategies.com/Interface.Forms.Controls.Autocomplete.html]
[acorn-html-classic-dashboard.coloredstrategies.com/Interface.Forms.Controls.CheckboxRadio.html]
[acorn-html-classic-dashboard.coloredstrategies.com/Interface.Forms.Controls.DatePicker.html]
[acorn-html-classic-dashboard.coloredstrategies.com/Interface.Forms.Controls.Dropzone.html]
[acorn-html-classic-dashboard.coloredstrategies.com/Interface.Forms.Controls.Editor.html]
[acorn-html-classic-dashboard.coloredstrategies.com/Interface.Forms.Controls.InputSpinner.html]
[acorn-html-classic-dashboard.coloredstrategies.com/Interface.Forms.Controls.Rating.html]
[acorn-html-classic-dashboard.coloredstrategies.com/Interface.Forms.Controls.Select2.html]
[acorn-html-classic-dashboard.coloredstrategies.com/Interface.Forms.Controls.Slider.html]
[acorn-html-classic-dashboard.coloredstrategies.com/Interface.Forms.Controls.Tags.html]
[acorn-html-classic-dashboard.coloredstrategies.com/Interface.Forms.Controls.TimePicker.html]
[acorn-html-classic-dashboard.coloredstrategies.com/Interface.Plugins.Carousel.html]
[acorn-html-classic-dashboard.coloredstrategies.com/Interface.Plugins.Charts.html]
[acorn-html-classic-dashboard.coloredstrategies.com/Interface.Plugins.Clamp.html]
[acorn-html-classic-dashboard.coloredstrategies.com/Interface.Plugins.ContextMenu.html]
[acorn-html-classic-dashboard.coloredstrategies.com/Interface.Plugins.Datatables.EditableRows.html]
[acorn-html-classic-dashboard.coloredstrategies.com/Interface.Plugins.Datatables.EditableBoxed.html]
[acorn-html-classic-dashboard.coloredstrategies.com/Interface.Plugins.Datatables.RowsAjax.html]
[acorn-html-classic-dashboard.coloredstrategies.com/Interface.Plugins.Datatables.RowsServerSide.html]
[acorn-html-classic-dashboard.coloredstrategies.com/Interface.Plugins.Datatables.BoxedVariations.html]
[acorn-html-classic-dashboard.coloredstrategies.com/Interface.Plugins.Lightbox.html]
[acorn-html-classic-dashboard.coloredstrategies.com/Interface.Plugins.List.html]
[acorn-html-classic-dashboard.coloredstrategies.com/Interface.Plugins.Maps.html]
[acorn-html-classic-dashboard.coloredstrategies.com/Interface.Plugins.Notify.html]
[acorn-html-classic-dashboard.coloredstrategies.com/Interface.Plugins.Player.html]
[acorn-html-classic-dashboard.coloredstrategies.com/Interface.Plugins.Progress.html]
[acorn-html-classic-dashboard.coloredstrategies.com/Interface.Plugins.Scrollbar.html]
[acorn-html-classic-dashboard.coloredstrategies.com/Interface.Plugins.Shortcuts.html]
[acorn-html-classic-dashboard.coloredstrategies.com/Interface.Plugins.Sortable.html]
[acorn-html-classic-dashboard.coloredstrategies.com/Interface.Content.Icons.Acorn.Interface.html]
[acorn-html-classic-dashboard.coloredstrategies.com/Interface.Content.Icons.Acorn.Commerce.html]
[acorn-html-classic-dashboard.coloredstrategies.com/Interface.Content.Icons.Acorn.Learning.html]
[acorn-html-classic-dashboard.coloredstrategies.com/Interface.Content.Icons.Acorn.Medical.html]
[acorn-html-classic-dashboard.coloredstrategies.com/Interface.Content.Icons.BootstrapIcons.html]
[acorn-html-classic-dashboard.coloredstrategies.com/Interface.Content.Images.html]
[acorn-html-classic-dashboard.coloredstrategies.com/Interface.Content.Tables.html]
[acorn-html-classic-dashboard.coloredstrategies.com/Interface.Content.Typography.html]
[acorn-html-classic-dashboard.coloredstrategies.com/Interface.Content.Menu.HorizontalStandard.html]
[acorn-html-classic-dashboard.coloredstrategies.com/Interface.Content.Menu.VerticalStandard.html]
[acorn-html-classic-dashboard.coloredstrategies.com/Interface.Content.Menu.VerticalSemiHidden.html]
[acorn-html-classic-dashboard.coloredstrategies.com/Interface.Content.Menu.VerticalNoSemiHidden.html]
[acorn-html-classic-dashboard.coloredstrategies.com/Interface.Content.Menu.MobileOnly.html]
[acorn-html-classic-dashboard.coloredstrategies.com/Interface.Content.Menu.Sidebar.html]
[acorn-html-classic-dashboard.coloredstrategies.com/Dashboards.html]
[acorn-html-classic-dashboard.coloredstrategies.com/img/product/small/product-1.webp]
[acorn-html-classic-dashboard.coloredstrategies.com/img/product/small/product-2.webp]
[acorn-html-classic-dashboard.coloredstrategies.com/img/product/small/product-3.webp]
[acorn-html-classic-dashboard.coloredstrategies.com/img/product/small/product-4.webp]
[acorn-html-classic-dashboard.coloredstrategies.com/img/product/small/product-5.webp]
[acorn-html-classic-dashboard.coloredstrategies.com/img/product/small/product-6.webp]
[acorn-html-classic-dashboard.coloredstrategies.com/img/product/small/product-7.webp]
[acorn-html-classic-dashboard.coloredstrategies.com/img/banner/cta-standard-1.webp]
[acorn-html-classic-dashboard.coloredstrategies.com/img/banner/cta-standard-2.webp]
[acorn-html-classic-dashboard.coloredstrategies.com/img/banner/cta-standard-3.webp]
[acorn-html-classic-dashboard.coloredstrategies.com/img/product/large/product-2.webp]
[acorn-html-classic-dashboard.coloredstrategies.com/js/vendor/jquery-3.5.1.min.js]
[acorn-html-classic-dashboard.coloredstrategies.com/index.html]
[acorn-html-classic-dashboard.coloredstrategies.com/js/vendor/bootstrap.bundle.min.js]
[acorn-html-classic-dashboard.coloredstrategies.com/js/vendor/OverlayScrollbars.min.js]
[acorn-html-classic-dashboard.coloredstrategies.com/js/vendor/autoComplete.min.js]
[acorn-html-classic-dashboard.coloredstrategies.com/js/vendor/clamp.min.js]
[acorn-html-classic-dashboard.coloredstrategies.com/icon/acorn-icons.js]
[acorn-html-classic-dashboard.coloredstrategies.com/icon/acorn-icons-interface.js]
[acorn-html-classic-dashboard.coloredstrategies.com/js/vendor/Chart.bundle.min.js]
[acorn-html-classic-dashboard.coloredstrategies.com/js/vendor/chartjs-plugin-datalabels.js]
[acorn-html-classic-dashboard.coloredstrategies.com/js/vendor/chartjs-plugin-rounded-bar.min.js]
[acorn-html-classic-dashboard.coloredstrategies.com/js/vendor/glide.min.js]
[acorn-html-classic-dashboard.coloredstrategies.com/js/vendor/intro.min.js]
[acorn-html-classic-dashboard.coloredstrategies.com/js/vendor/select2.full.min.js]
[acorn-html-classic-dashboard.coloredstrategies.com/js/vendor/plyr.min.js]
[acorn-html-classic-dashboard.coloredstrategies.com/js/base/helpers.js]
[acorn-html-classic-dashboard.coloredstrategies.com/js/base/globals.js]
[acorn-html-classic-dashboard.coloredstrategies.com/js/base/nav.js]
[acorn-html-classic-dashboard.coloredstrategies.com/js/base/search.js]
[acorn-html-classic-dashboard.coloredstrategies.com/js/base/settings.js]
[acorn-html-classic-dashboard.coloredstrategies.com/js/cs/glide.custom.js]
[acorn-html-classic-dashboard.coloredstrategies.com/js/cs/charts.extend.js]
[acorn-html-classic-dashboard.coloredstrategies.com/js/pages/dashboard.default.js]
[acorn-html-classic-dashboard.coloredstrategies.com/js/common.js]
[acorn-html-classic-dashboard.coloredstrategies.com/Dashboards.Default.html]
[acorn-html-classic-dashboard.coloredstrategies.com/js/scripts.js]
[acorn-html-classic-dashboard.coloredstrategies.com/font/CS-Interface/fonts/CS-Interfacec9f0.ttf]
[acorn-html-classic-dashboard.coloredstrategies.com/font/CS-Interface/fonts/CS-Interfacec9f0.woff]
[acorn-html-classic-dashboard.coloredstrategies.com/font/CS-Interface/style.css]
[acorn-html-classic-dashboard.coloredstrategies.com/css/vendor/bootstrap.min.css]
[acorn-html-classic-dashboard.coloredstrategies.com/css/vendor/OverlayScrollbars.min.css]
[acorn-html-classic-dashboard.coloredstrategies.com/css/vendor/glide.core.min.css]
[acorn-html-classic-dashboard.coloredstrategies.com/css/vendor/introjs.min.css]
[acorn-html-classic-dashboard.coloredstrategies.com/css/vendor/select2.min.css]
[acorn-html-classic-dashboard.coloredstrategies.com/css/vendor/select2-bootstrap4.min.css]
[acorn-html-classic-dashboard.coloredstrategies.com/css/vendor/plyr.css]
[acorn-html-classic-dashboard.coloredstrategies.com/img/background/background-blue.webp]
[acorn-html-classic-dashboard.coloredstrategies.com/css/styles.css]
[acorn-html-classic-dashboard.coloredstrategies.com/css/main.css]
[acorn-html-classic-dashboard.coloredstrategies.com/img/product/small/product-9.webp]
[acorn-html-classic-dashboard.coloredstrategies.com/img/product/small/product-8.webp]
[acorn-html-classic-dashboard.coloredstrategies.com/img/banner/cta-square-4.webp]
[acorn-html-classic-dashboard.coloredstrategies.com/img/banner/cta-vertical-1.webp]
[acorn-html-classic-dashboard.coloredstrategies.com/img/banner/cta-vertical-2.webp]
[acorn-html-classic-dashboard.coloredstrategies.com/img/banner/cta-vertical-3.webp]
[acorn-html-classic-dashboard.coloredstrategies.com/img/banner/cta-vertical-4.webp]
[acorn-html-classic-dashboard.coloredstrategies.com/img/profile/profile-7.webp]
[acorn-html-classic-dashboard.coloredstrategies.com/img/profile/profile-8.webp]
[acorn-html-classic-dashboard.coloredstrategies.com/img/profile/profile-5.webp]
[acorn-html-classic-dashboard.coloredstrategies.com/img/product/small/product-10.webp]
[acorn-html-classic-dashboard.coloredstrategies.com/js/vendor/jquery.barrating.min.js]
[acorn-html-classic-dashboard.coloredstrategies.com/Dashboards.Visual.html]
[acorn-html-classic-dashboard.coloredstrategies.com/js/pages/dashboard.visual.js]
[acorn-html-classic-dashboard.coloredstrategies.com/Dashboards.Analytic.html]
[acorn-html-classic-dashboard.coloredstrategies.com/js/pages/dashboard.analytic.js]
[acorn-html-classic-dashboard.coloredstrategies.com/css/vendor/fullcalendar.min.css]
[acorn-html-classic-dashboard.coloredstrategies.com/css/vendor/bootstrap-datepicker3.standalone.min.css]
[acorn-html-classic-dashboard.coloredstrategies.com/Apps.html]
[acorn-html-classic-dashboard.coloredstrategies.com/js/vendor/fullcalendar/main.min.js]
[acorn-html-classic-dashboard.coloredstrategies.com/js/vendor/moment-with-locales.min.js]
[acorn-html-classic-dashboard.coloredstrategies.com/js/vendor/datepicker/bootstrap-datepicker.min.js]
[acorn-html-classic-dashboard.coloredstrategies.com/js/vendor/timepicker.js]
[acorn-html-classic-dashboard.coloredstrategies.com/Apps.Calendar.html]
[acorn-html-classic-dashboard.coloredstrategies.com/js/apps/calendar.js]
[acorn-html-classic-dashboard.coloredstrategies.com/css/vendor/baguetteBox.min.css]
[acorn-html-classic-dashboard.coloredstrategies.com/img/profile/profile-11.webp]
[acorn-html-classic-dashboard.coloredstrategies.com/js/vendor/baguetteBox.min.js]
[acorn-html-classic-dashboard.coloredstrategies.com/js/vendor/autosize.min.js]
[acorn-html-classic-dashboard.coloredstrategies.com/Apps.Chat.html]
[acorn-html-classic-dashboard.coloredstrategies.com/js/apps/chat.js]
[acorn-html-classic-dashboard.coloredstrategies.com/css/vendor/quill.bubble.css]
[acorn-html-classic-dashboard.coloredstrategies.com/js/vendor/singleimageupload.js]
[acorn-html-classic-dashboard.coloredstrategies.com/js/vendor/list.js]
[acorn-html-classic-dashboard.coloredstrategies.com/js/cs/checkall.js]
[acorn-html-classic-dashboard.coloredstrategies.com/Apps.Contacts.html]
[acorn-html-classic-dashboard.coloredstrategies.com/js/apps/contacts.js]
[acorn-html-classic-dashboard.coloredstrategies.com/css/vendor/tagify.css]
[acorn-html-classic-dashboard.coloredstrategies.com/img/product/large/product-1.webp]
[acorn-html-classic-dashboard.coloredstrategies.com/js/vendor/movecontent.js]
[acorn-html-classic-dashboard.coloredstrategies.com/js/vendor/quill.min.js]
[acorn-html-classic-dashboard.coloredstrategies.com/js/vendor/quill.active.js]
[acorn-html-classic-dashboard.coloredstrategies.com/js/vendor/tagify.min.js]
[acorn-html-classic-dashboard.coloredstrategies.com/js/vendor/fuse.js]
[acorn-html-classic-dashboard.coloredstrategies.com/Apps.Mailbox.html]
[acorn-html-classic-dashboard.coloredstrategies.com/js/apps/mailbox.js]
[acorn-html-classic-dashboard.coloredstrategies.com/Apps.Tasks.html]
[acorn-html-classic-dashboard.coloredstrategies.com/js/apps/tasks.js]
[acorn-html-classic-dashboard.coloredstrategies.com/index-2.html]
[acorn-html-classic-dashboard.coloredstrategies.com/js/vendor/jquery.validate/jquery.validate.min.js]
[acorn-html-classic-dashboard.coloredstrategies.com/js/vendor/jquery.validate/additional-methods.min.js]
[acorn-html-classic-dashboard.coloredstrategies.com/Pages.Authentication.Login.html]
[acorn-html-classic-dashboard.coloredstrategies.com/js/pages/auth.login.js]
[acorn-html-classic-dashboard.coloredstrategies.com/Pages.Authentication.Register.html]
[acorn-html-classic-dashboard.coloredstrategies.com/js/pages/auth.register.js]
[acorn-html-classic-dashboard.coloredstrategies.com/Pages.Authentication.ForgotPassword.html]
[acorn-html-classic-dashboard.coloredstrategies.com/js/pages/auth.forgotpassword.js]
[acorn-html-classic-dashboard.coloredstrategies.com/Pages.Authentication.ResetPassword.html]
[acorn-html-classic-dashboard.coloredstrategies.com/js/pages/auth.resetpassword.js]
[acorn-html-classic-dashboard.coloredstrategies.com/Pages.html]
[acorn-html-classic-dashboard.coloredstrategies.com/Pages.Blog.html]
[acorn-html-classic-dashboard.coloredstrategies.com/Pages.Blog.Home.html]
[acorn-html-classic-dashboard.coloredstrategies.com/Pages.Blog.Grid.html]
[acorn-html-classic-dashboard.coloredstrategies.com/js/pages/blog.home.js]
[acorn-html-classic-dashboard.coloredstrategies.com/img/product/large/product-3.webp]
[acorn-html-classic-dashboard.coloredstrategies.com/img/product/large/product-4.webp]
[acorn-html-classic-dashboard.coloredstrategies.com/img/product/large/product-5.webp]
[acorn-html-classic-dashboard.coloredstrategies.com/img/product/large/product-6.webp]
[acorn-html-classic-dashboard.coloredstrategies.com/Pages.Blog.List.html]
[acorn-html-classic-dashboard.coloredstrategies.com/img/banner/cta-square-1.webp]
[acorn-html-classic-dashboard.coloredstrategies.com/img/banner/cta-square-2.webp]
[acorn-html-classic-dashboard.coloredstrategies.com/Pages.Blog.Detail.html]
[acorn-html-classic-dashboard.coloredstrategies.com/js/pages/blog.detail.js]
[acorn-html-classic-dashboard.coloredstrategies.com/Pages.Miscellaneous.Faq.html]
[acorn-html-classic-dashboard.coloredstrategies.com/Pages.Miscellaneous.html]
[acorn-html-classic-dashboard.coloredstrategies.com/img/banner/cta-wide-3.webp]
[acorn-html-classic-dashboard.coloredstrategies.com/Pages.Miscellaneous.KnowledgeBase.html]
[acorn-html-classic-dashboard.coloredstrategies.com/Pages.Miscellaneous.Error.html]
[acorn-html-classic-dashboard.coloredstrategies.com/js/vendor/countdown.min.js]
[acorn-html-classic-dashboard.coloredstrategies.com/Pages.Miscellaneous.ComingSoon.html]
[acorn-html-classic-dashboard.coloredstrategies.com/Pages.Miscellaneous.Pricing.html]
[acorn-html-classic-dashboard.coloredstrategies.com/Pages.Miscellaneous.Search.html]
[acorn-html-classic-dashboard.coloredstrategies.com/js/pages/misc.comingsoon.js]
[acorn-html-classic-dashboard.coloredstrategies.com/Pages.Miscellaneous.Mailing.html]
[acorn-html-classic-dashboard.coloredstrategies.com/Pages.Miscellaneous.Empty.html]
[acorn-html-classic-dashboard.coloredstrategies.com/Pages.Miscellaneous.Mailing.Standalone.html]
[acorn-html-classic-dashboard.coloredstrategies.com/Pages.Portfolio.html]
[acorn-html-classic-dashboard.coloredstrategies.com/img/profile/profile-4.webp]
[acorn-html-classic-dashboard.coloredstrategies.com/js/cs/responsivetab.js]
[acorn-html-classic-dashboard.coloredstrategies.com/Pages.Portfolio.Home.html]
[acorn-html-classic-dashboard.coloredstrategies.com/js/pages/portfolio.home.js]
[acorn-html-classic-dashboard.coloredstrategies.com/Pages.Portfolio.Detail.html]
[acorn-html-classic-dashboard.coloredstrategies.com/js/pages/portfolio.detail.js]
[acorn-html-classic-dashboard.coloredstrategies.com/Pages.Profile.html]
[acorn-html-classic-dashboard.coloredstrategies.com/Pages.Profile.Standard.html]
[acorn-html-classic-dashboard.coloredstrategies.com/js/pages/profile.standard.js]
[acorn-html-classic-dashboard.coloredstrategies.com/Pages.Profile.Settings.html]
[acorn-html-classic-dashboard.coloredstrategies.com/js/pages/profile.settings.js]
[acorn-html-classic-dashboard.coloredstrategies.com/Blocks.html]
[acorn-html-classic-dashboard.coloredstrategies.com/img/banner/cta-square-3.webp]
[acorn-html-classic-dashboard.coloredstrategies.com/img/banner/cta-horizontal-short-1.webp]
[acorn-html-classic-dashboard.coloredstrategies.com/img/banner/cta-horizontal-short-2.webp]
[acorn-html-classic-dashboard.coloredstrategies.com/img/banner/cta-wide-4.webp]
[acorn-html-classic-dashboard.coloredstrategies.com/img/banner/cta-wide-2.webp]
[acorn-html-classic-dashboard.coloredstrategies.com/Blocks.Cta.html]
[acorn-html-classic-dashboard.coloredstrategies.com/js/cs/scrollspy.js]
[acorn-html-classic-dashboard.coloredstrategies.com/Blocks.Details.html]
[acorn-html-classic-dashboard.coloredstrategies.com/js/pages/blocks.details.js]
[acorn-html-classic-dashboard.coloredstrategies.com/Blocks.Gallery.html]
[acorn-html-classic-dashboard.coloredstrategies.com/Blocks.Images.html]
[acorn-html-classic-dashboard.coloredstrategies.com/js/pages/blocks.gallery.js]
[acorn-html-classic-dashboard.coloredstrategies.com/js/vendor/progressbar.min.js]
[acorn-html-classic-dashboard.coloredstrategies.com/Blocks.List.html]
[acorn-html-classic-dashboard.coloredstrategies.com/js/pages/blocks.list.js]
[acorn-html-classic-dashboard.coloredstrategies.com/Blocks.Stats.html]
[acorn-html-classic-dashboard.coloredstrategies.com/Blocks.Steps.html]
[acorn-html-classic-dashboard.coloredstrategies.com/js/pages/blocks.stats.js]
[acorn-html-classic-dashboard.coloredstrategies.com/Blocks.TabularData.html]
[acorn-html-classic-dashboard.coloredstrategies.com/js/pages/blocks.tabulardata.js]
[acorn-html-classic-dashboard.coloredstrategies.com/img/banner/vertical-1.webp]
[acorn-html-classic-dashboard.coloredstrategies.com/img/banner/vertical-2.webp]
[acorn-html-classic-dashboard.coloredstrategies.com/Blocks.Thumbnails.html]
[acorn-html-classic-dashboard.coloredstrategies.com/js/pages/blocks.thumbnails.js]
[acorn-html-classic-dashboard.coloredstrategies.com/img/profile/profile-large-1.webp]
[acorn-html-classic-dashboard.coloredstrategies.com/Blocks.Users.html]
[acorn-html-classic-dashboard.coloredstrategies.com/js/pages/blocks.users.js]
[acorn-html-classic-dashboard.coloredstrategies.com/Interface.html]
[acorn-html-classic-dashboard.coloredstrategies.com/Interface.Components.Accordion.html]
[acorn-html-classic-dashboard.coloredstrategies.com/Interface.Components.Alerts.html]
[acorn-html-classic-dashboard.coloredstrategies.com/Interface.Components.Badge.html]
[acorn-html-classic-dashboard.coloredstrategies.com/Interface.Components.Breadcrumb.html]
[acorn-html-classic-dashboard.coloredstrategies.com/Interface.Components.Buttons.html]
[acorn-html-classic-dashboard.coloredstrategies.com/Interface.Components.ButtonGroup.html]
[acorn-html-classic-dashboard.coloredstrategies.com/Interface.Components.html]
[acorn-html-classic-dashboard.coloredstrategies.com/js/vendor/masonry.pkgd.min.js]
[acorn-html-classic-dashboard.coloredstrategies.com/Interface.Components.Card.html]
[acorn-html-classic-dashboard.coloredstrategies.com/Interface.Components.Close.html]
[acorn-html-classic-dashboard.coloredstrategies.com/Interface.Components.Collapse.html]
[acorn-html-classic-dashboard.coloredstrategies.com/js/components/cards.js]
[acorn-html-classic-dashboard.coloredstrategies.com/Interface.Components.Dropdowns.html]
[acorn-html-classic-dashboard.coloredstrategies.com/Interface.Components.ListGroup.html]
[acorn-html-classic-dashboard.coloredstrategies.com/Interface.Components.Modal.html]
[acorn-html-classic-dashboard.coloredstrategies.com/js/vendor/bootstrap-submenu.js]
[acorn-html-classic-dashboard.coloredstrategies.com/Interface.Components.Navs.html]
[acorn-html-classic-dashboard.coloredstrategies.com/Interface.Components.Offcanvas.html]
[acorn-html-classic-dashboard.coloredstrategies.com/Interface.Components.Pagination.html]
[acorn-html-classic-dashboard.coloredstrategies.com/Interface.Components.Popovers.html]
[acorn-html-classic-dashboard.coloredstrategies.com/js/components/navs.js]
[acorn-html-classic-dashboard.coloredstrategies.com/Interface.Components.Progress.html]
[acorn-html-classic-dashboard.coloredstrategies.com/js/components/progress.js]
[acorn-html-classic-dashboard.coloredstrategies.com/Interface.Components.Spinners.html]
[acorn-html-classic-dashboard.coloredstrategies.com/js/components/spinners.js]
[acorn-html-classic-dashboard.coloredstrategies.com/Interface.Components.Toasts.html]
[acorn-html-classic-dashboard.coloredstrategies.com/Interface.Components.Tooltips.html]
[acorn-html-classic-dashboard.coloredstrategies.com/js/components/toasts.js]
[acorn-html-classic-dashboard.coloredstrategies.com/Interface.Forms.html]
[acorn-html-classic-dashboard.coloredstrategies.com/Interface.Forms.Layouts.html]
[acorn-html-classic-dashboard.coloredstrategies.com/js/forms/layouts.js]
[acorn-html-classic-dashboard.coloredstrategies.com/Interface.Forms.Validation.html]
[acorn-html-classic-dashboard.coloredstrategies.com/js/forms/validation.js]
[acorn-html-classic-dashboard.coloredstrategies.com/js/cs/wizard.js]
[acorn-html-classic-dashboard.coloredstrategies.com/Interface.Forms.Wizard.html]
[acorn-html-classic-dashboard.coloredstrategies.com/Interface.Forms.InputGroup.html]
[acorn-html-classic-dashboard.coloredstrategies.com/js/forms/wizards.js]
[acorn-html-classic-dashboard.coloredstrategies.com/js/vendor/imask.js]
[acorn-html-classic-dashboard.coloredstrategies.com/Interface.Forms.InputMask.html]
[acorn-html-classic-dashboard.coloredstrategies.com/js/forms/inputmask.js]
[acorn-html-classic-dashboard.coloredstrategies.com/js/vendor/datepicker/locales/bootstrap-datepicker.es.min.js]
[acorn-html-classic-dashboard.coloredstrategies.com/Interface.Forms.GenericForms.html]
[acorn-html-classic-dashboard.coloredstrategies.com/js/forms/genericforms.js]
[acorn-html-classic-dashboard.coloredstrategies.com/Interface.Forms.Controls.html]
[acorn-html-classic-dashboard.coloredstrategies.com/js/cs/autocomplete.custom.js]
[acorn-html-classic-dashboard.coloredstrategies.com/Interface.Forms.Controls.Autocomplete.html]
[acorn-html-classic-dashboard.coloredstrategies.com/Interface.Forms.Controls.CheckboxRadio.html]
[acorn-html-classic-dashboard.coloredstrategies.com/js/forms/controls.autocomplete.js]
[acorn-html-classic-dashboard.coloredstrategies.com/Interface.Forms.Controls.DatePicker.html]
[acorn-html-classic-dashboard.coloredstrategies.com/js/forms/controls.datepicker.js]
[acorn-html-classic-dashboard.coloredstrategies.com/css/vendor/dropzone.min.css]
[acorn-html-classic-dashboard.coloredstrategies.com/js/vendor/dropzone.min.js]
[acorn-html-classic-dashboard.coloredstrategies.com/js/cs/dropzone.templates.js]
[acorn-html-classic-dashboard.coloredstrategies.com/Interface.Forms.Controls.Dropzone.html]
[acorn-html-classic-dashboard.coloredstrategies.com/js/forms/controls.dropzone.js]
[acorn-html-classic-dashboard.coloredstrategies.com/css/vendor/quill.snow.css]
[acorn-html-classic-dashboard.coloredstrategies.com/Interface.Forms.Controls.Editor.html]
[acorn-html-classic-dashboard.coloredstrategies.com/js/forms/controls.editor.js]
[acorn-html-classic-dashboard.coloredstrategies.com/js/vendor/input-spinner.min.js]
[acorn-html-classic-dashboard.coloredstrategies.com/Interface.Forms.Controls.InputSpinner.html]
[acorn-html-classic-dashboard.coloredstrategies.com/js/forms/controls.spinner.js]
[acorn-html-classic-dashboard.coloredstrategies.com/Interface.Forms.Controls.Rating.html]
[acorn-html-classic-dashboard.coloredstrategies.com/js/forms/controls.rating.js]
[acorn-html-classic-dashboard.coloredstrategies.com/Interface.Forms.Controls.Select2.html]
[acorn-html-classic-dashboard.coloredstrategies.com/js/forms/controls.select2.js]
[acorn-html-classic-dashboard.coloredstrategies.com/css/vendor/nouislider.min.css]
[acorn-html-classic-dashboard.coloredstrategies.com/js/vendor/nouislider.min.js]
[acorn-html-classic-dashboard.coloredstrategies.com/Interface.Forms.Controls.Slider.html]
[acorn-html-classic-dashboard.coloredstrategies.com/js/forms/controls.slider.js]
[acorn-html-classic-dashboard.coloredstrategies.com/Interface.Forms.Controls.Tags.html]
[acorn-html-classic-dashboard.coloredstrategies.com/js/forms/controls.tag.js]
[acorn-html-classic-dashboard.coloredstrategies.com/Interface.Forms.Controls.TimePicker.html]
[acorn-html-classic-dashboard.coloredstrategies.com/js/forms/controls.timepicker.js]
[acorn-html-classic-dashboard.coloredstrategies.com/Interface.Plugins.html]
[acorn-html-classic-dashboard.coloredstrategies.com/img/brand/codecanyon-light-background.webp]
[acorn-html-classic-dashboard.coloredstrategies.com/img/brand/graphicriver-light-background.webp]
[acorn-html-classic-dashboard.coloredstrategies.com/img/brand/photodune-light-background.webp]
[acorn-html-classic-dashboard.coloredstrategies.com/img/brand/themeforest-light-background.webp]
[acorn-html-classic-dashboard.coloredstrategies.com/Interface.Plugins.Carousel.html]
[acorn-html-classic-dashboard.coloredstrategies.com/js/plugins/carousels.js]
[acorn-html-classic-dashboard.coloredstrategies.com/js/vendor/chartjs-plugin-crosshair.js]
[acorn-html-classic-dashboard.coloredstrategies.com/js/vendor/chartjs-plugin-streaming.min.js]
[acorn-html-classic-dashboard.coloredstrategies.com/Interface.Plugins.Charts.html]
[acorn-html-classic-dashboard.coloredstrategies.com/Interface.Plugins.Clamp.html]
[acorn-html-classic-dashboard.coloredstrategies.com/js/plugins/charts.js]
[acorn-html-classic-dashboard.coloredstrategies.com/css/vendor/jquery.contextMenu.min.css]
[acorn-html-classic-dashboard.coloredstrategies.com/js/vendor/jquery.contextMenu.min.js]
[acorn-html-classic-dashboard.coloredstrategies.com/Interface.Plugins.ContextMenu.html]
[acorn-html-classic-dashboard.coloredstrategies.com/js/plugins/contextmenu.js]
[acorn-html-classic-dashboard.coloredstrategies.com/css/vendor/datatables.min.css]
[acorn-html-classic-dashboard.coloredstrategies.com/Interface.Plugins.Datatables.html]
[acorn-html-classic-dashboard.coloredstrategies.com/js/vendor/datatables.min.js]
[acorn-html-classic-dashboard.coloredstrategies.com/js/vendor/mousetrap.min.js]
[acorn-html-classic-dashboard.coloredstrategies.com/js/cs/datatable.extend.js]
[acorn-html-classic-dashboard.coloredstrategies.com/Interface.Plugins.Datatables.EditableRows.html]
[acorn-html-classic-dashboard.coloredstrategies.com/js/plugins/datatable.editablerows.js]
[acorn-html-classic-dashboard.coloredstrategies.com/Interface.Plugins.Datatables.EditableBoxed.html]
[acorn-html-classic-dashboard.coloredstrategies.com/js/plugins/datatable.editableboxed.js]
[acorn-html-classic-dashboard.coloredstrategies.com/Interface.Plugins.Datatables.RowsAjax.html]
[acorn-html-classic-dashboard.coloredstrategies.com/js/plugins/datatable.ajax.js]
[acorn-html-classic-dashboard.coloredstrategies.com/Interface.Plugins.Datatables.RowsServerSide.html]
[acorn-html-classic-dashboard.coloredstrategies.com/js/plugins/datatable.serverside.js]
[acorn-html-classic-dashboard.coloredstrategies.com/Interface.Plugins.Datatables.BoxedVariations.html]
[acorn-html-classic-dashboard.coloredstrategies.com/js/plugins/datatable.boxedvariations.js]
[acorn-html-classic-dashboard.coloredstrategies.com/Interface.Plugins.Lightbox.html]
[acorn-html-classic-dashboard.coloredstrategies.com/js/plugins/lightbox.js]
[acorn-html-classic-dashboard.coloredstrategies.com/Interface.Plugins.List.html]
[acorn-html-classic-dashboard.coloredstrategies.com/Interface.Plugins.Maps.html]
[acorn-html-classic-dashboard.coloredstrategies.com/js/plugins/lists.js]
[acorn-html-classic-dashboard.coloredstrategies.com/js/vendor/bootstrap-notify.min.js]
[acorn-html-classic-dashboard.coloredstrategies.com/Interface.Plugins.Notify.html]
[acorn-html-classic-dashboard.coloredstrategies.com/js/plugins/notifies.js]
[cdn.plyr.io/static/demo/View_From_A_Blue_Moon_Trailer-HD.jpg]
[acorn-html-classic-dashboard.coloredstrategies.com/Interface.Plugins.Player.html]
[acorn-html-classic-dashboard.coloredstrategies.com/js/plugins/players.js]
[acorn-html-classic-dashboard.coloredstrategies.com/Interface.Plugins.Progress.html]
[acorn-html-classic-dashboard.coloredstrategies.com/Interface.Plugins.Scrollbar.html]
[acorn-html-classic-dashboard.coloredstrategies.com/js/plugins/progressbars.js]
[acorn-html-classic-dashboard.coloredstrategies.com/Interface.Plugins.Shortcuts.html]
[acorn-html-classic-dashboard.coloredstrategies.com/js/plugins/shortcuts.js]
[acorn-html-classic-dashboard.coloredstrategies.com/js/vendor/sortable.min.js]
[acorn-html-classic-dashboard.coloredstrategies.com/Interface.Plugins.Sortable.html]
[acorn-html-classic-dashboard.coloredstrategies.com/js/plugins/sortables.js]
[acorn-html-classic-dashboard.coloredstrategies.com/Interface.Content.html]
[acorn-html-classic-dashboard.coloredstrategies.com/Interface.Content.Icons.html]
[acorn-html-classic-dashboard.coloredstrategies.com/Interface.Content.Icons.Acorn.Interface.html]
[acorn-html-classic-dashboard.coloredstrategies.com/js/pages/interface.icons.js]
[acorn-html-classic-dashboard.coloredstrategies.com/Interface.Content.Icons.Acorn.Commerce.html]
[acorn-html-classic-dashboard.coloredstrategies.com/icon/acorn-icons-commerce.js]
[acorn-html-classic-dashboard.coloredstrategies.com/Interface.Content.Icons.Acorn.Learning.html]
[acorn-html-classic-dashboard.coloredstrategies.com/icon/acorn-icons-learning.js]
[acorn-html-classic-dashboard.coloredstrategies.com/Interface.Content.Icons.Acorn.Medical.html]
[acorn-html-classic-dashboard.coloredstrategies.com/icon/acorn-icons-medical.js]
[acorn-html-classic-dashboard.coloredstrategies.com/Interface.Content.Icons.BootstrapIcons.html]
[acorn-html-classic-dashboard.coloredstrategies.com/Interface.Content.Images.html]
[acorn-html-classic-dashboard.coloredstrategies.com/Interface.Content.Tables.html]
[cdn.jsdelivr.net/npm/bootstrap-icons@1.4.0/font/bootstrap-icons.css]
[acorn-html-classic-dashboard.coloredstrategies.com/Interface.Content.Typography.html]
[acorn-html-classic-dashboard.coloredstrategies.com/js/vendor/lolight-1.3.0.min.js]
[acorn-html-classic-dashboard.coloredstrategies.com/Interface.Content.Menu.HorizontalStandard.html]
[acorn-html-classic-dashboard.coloredstrategies.com/Interface.Content.Menu.VerticalStandard.html]
[acorn-html-classic-dashboard.coloredstrategies.com/Interface.Content.Menu.VerticalSemiHidden.html]
[acorn-html-classic-dashboard.coloredstrategies.com/Interface.Content.Menu.VerticalNoSemiHidden.html]
[acorn-html-classic-dashboard.coloredstrategies.com/Interface.Content.Menu.MobileOnly.html]
[acorn-html-classic-dashboard.coloredstrategies.com/Interface.Content.Menu.Sidebar.html]
[acorn-html-classic-dashboard.coloredstrategies.com/Dashboards.html]
[acorn-html-classic-dashboard.coloredstrategies.com/index.html]
[acorn-html-classic-dashboard.coloredstrategies.com/font/CS-Interface/fonts/CS-Interfacec9f0.svg]
[acorn-html-classic-dashboard.coloredstrategies.com/img/logo/logo-light.svg]
[acorn-html-classic-dashboard.coloredstrategies.com/img/logo/logo-sky-light.svg]
[acorn-html-classic-dashboard.coloredstrategies.com/img/logo/logo-blue-light.svg]
[acorn-html-classic-dashboard.coloredstrategies.com/img/logo/logo-green-light.svg]
[acorn-html-classic-dashboard.coloredstrategies.com/img/logo/logo-red-light.svg]
[acorn-html-classic-dashboard.coloredstrategies.com/img/logo/logo-pink-light.svg]
[acorn-html-classic-dashboard.coloredstrategies.com/img/logo/logo-purple-light.svg]
[acorn-html-classic-dashboard.coloredstrategies.com/img/logo/logo-teal-light.svg]
[acorn-html-classic-dashboard.coloredstrategies.com/img/logo/logo-lime-light.svg]
[acorn-html-classic-dashboard.coloredstrategies.com/img/logo/logo-blue-dark.svg]
[acorn-html-classic-dashboard.coloredstrategies.com/img/logo/logo-green-dark.svg]
[acorn-html-classic-dashboard.coloredstrategies.com/img/logo/logo-red-dark.svg]
[acorn-html-classic-dashboard.coloredstrategies.com/img/logo/logo-pink-dark.svg]
[acorn-html-classic-dashboard.coloredstrategies.com/img/logo/logo-purple-dark.svg]
[acorn-html-classic-dashboard.coloredstrategies.com/img/logo/logo-lime-dark.svg]
[acorn-html-classic-dashboard.coloredstrategies.com/img/logo/logo-teal-dark.svg]
[acorn-html-classic-dashboard.coloredstrategies.com/img/logo/logo-sky-dark.svg]
[acorn-html-classic-dashboard.coloredstrategies.com/css/vendor/fullcalendar.min.css]
[acorn-html-classic-dashboard.coloredstrategies.com/css/vendor/bootstrap-datepicker3.standalone.min.css]
[acorn-html-classic-dashboard.coloredstrategies.com/Apps.html]
[acorn-html-classic-dashboard.coloredstrategies.com/css/vendor/baguetteBox.min.css]
[acorn-html-classic-dashboard.coloredstrategies.com/css/vendor/quill.bubble.css]
[acorn-html-classic-dashboard.coloredstrategies.com/css/vendor/tagify.css]
[acorn-html-classic-dashboard.coloredstrategies.com/index-2.html]
[acorn-html-classic-dashboard.coloredstrategies.com/Interface.Content.Menu.html]
[acorn-html-classic-dashboard.coloredstrategies.com/Pages.html]
[acorn-html-classic-dashboard.coloredstrategies.com/Pages.Blog.html]
[acorn-html-classic-dashboard.coloredstrategies.com/Pages.Miscellaneous.html]
[acorn-html-classic-dashboard.coloredstrategies.com/Pages.Miscellaneous.Mailing.Standalone.html]
[acorn-html-classic-dashboard.coloredstrategies.com/Pages.Portfolio.html]
[acorn-html-classic-dashboard.coloredstrategies.com/Pages.Profile.html]
[acorn-html-classic-dashboard.coloredstrategies.com/Blocks.html]
[acorn-html-classic-dashboard.coloredstrategies.com/Interface.html]
[acorn-html-classic-dashboard.coloredstrategies.com/Interface.Components.html]
[acorn-html-classic-dashboard.coloredstrategies.com/Interface.Forms.html]
[acorn-html-classic-dashboard.coloredstrategies.com/Interface.Forms.Controls.html]
[acorn-html-classic-dashboard.coloredstrategies.com/css/vendor/dropzone.min.css]
[acorn-html-classic-dashboard.coloredstrategies.com/css/vendor/quill.snow.css]
[acorn-html-classic-dashboard.coloredstrategies.com/css/vendor/nouislider.min.css]
[acorn-html-classic-dashboard.coloredstrategies.com/Interface.Plugins.html]
[acorn-html-classic-dashboard.coloredstrategies.com/Pages.Authentication.html]
[acorn-html-classic-dashboard.coloredstrategies.com/css/vendor/font/context-menu-icons0a26.eot]
[acorn-html-classic-dashboard.coloredstrategies.com/css/vendor/font/context-menu-icons0a26.woff2]
[acorn-html-classic-dashboard.coloredstrategies.com/css/vendor/font/context-menu-icons0a26.woff]
[acorn-html-classic-dashboard.coloredstrategies.com/css/vendor/font/context-menu-icons0a26.ttf]
[acorn-html-classic-dashboard.coloredstrategies.com/css/vendor/jquery.contextMenu.min.css]
[acorn-html-classic-dashboard.coloredstrategies.com/css/vendor/datatables.min.css]
[acorn-html-classic-dashboard.coloredstrategies.com/Interface.Plugins.Datatables.html]
[acorn-html-classic-dashboard.coloredstrategies.com/Interface.Content.html]
[acorn-html-classic-dashboard.coloredstrategies.com/Interface.Content.Icons.html]
[cdn.jsdelivr.net/npm/bootstrap-icons@1.4.0/font/fonts/bootstrap-iconse36a.woff2]
[cdn.jsdelivr.net/npm/bootstrap-icons@1.4.0/font/fonts/bootstrap-iconse36a.woff]
[cdn.jsdelivr.net/npm/bootstrap-icons@1.4.0/font/bootstrap-icons.css]
[acorn-html-classic-dashboard.coloredstrategies.com/Interface.Content.Menu.html]
[acorn-html-classic-dashboard.coloredstrategies.com/Pages.Authentication.html]
[acorn-html-classic-dashboard.coloredstrategies.com/css/vendor/font/context-menu-icons0a26.html]
[acorn-html-classic-dashboard.coloredstrategies.com/css/vendor/font/context-menu-icons0a26-2.html]
[acorn-html-classic-dashboard.coloredstrategies.com/css/vendor/font/context-menu-icons0a26-3.html]
[acorn-html-classic-dashboard.coloredstrategies.com/css/vendor/font/context-menu-icons0a26-4.html]
